Requirement already up-to-date: pip in /home/sharan/anaconda3/lib/python3.7/site-packages (20.1.1)
Requirement already up-to-date: setuptools in /home/sharan/anaconda3/lib/python3.7/site-packages (47.3.1)
Collecting gpflow==2.0.5
  Downloading gpflow-2.0.5-py3-none-any.whl (230 kB)
Requirement already satisfied: tensorflow>=2.1 in /home/sharan/anaconda3/lib/python3.7/site-packages (2.1.0)
Collecting tensorflow-probability>=0.9
  Downloading tensorflow_probability-0.10.0-py2.py3-none-any.whl (3.5 MB)
Collecting dataclasses
  Downloading dataclasses-0.6-py3-none-any.whl (14 kB)
Requirement already satisfied: scipy>=0.18.0 in /home/sharan/anaconda3/lib/python3.7/site-packages (from gpflow==2.0.5) (1.4.1)
Collecting typing-extensions
  Downloading typing_extensions-3.7.4.2-py3-none-any.whl (22 kB)
Collecting tabulate
  Downloading tabulate-0.8.7-py3-none-any.whl (24 kB)
Requirement already satisfied: numpy>=1.10.0 in /home/sharan/anaconda3/lib/python3.7/site-packages (from gpflow==2.0.5) (1.18.1)
Requirement already satisfied: multipledispatch>=0.6 in /home/sharan/anaconda3/lib/python3.7/site-packages (from gpflow==2.0.5) (0.6.0)
Requirement already satisfied: termcolor>=1.1.0 in /home/sharan/anaconda3/lib/python3.7/site-packages (from tensorflow>=2.1) (1.1.0)
Requirement already satisfied: tensorflow-estimator<2.2.0,>=2.1.0rc0 in /home/sharan/anaconda3/lib/python3.7/site-packages (from tensorflow>=2.1) (2.1.0)
Requirement already satisfied: keras-applications>=1.0.8 in /home/sharan/anaconda3/lib/python3.7/site-packages (from tensorflow>=2.1) (1.0.8)
Requirement already satisfied: gast==0.2.2 in /home/sharan/anaconda3/lib/python3.7/site-packages (from tensorflow>=2.1) (0.2.2)
Requirement already satisfied: astor>=0.6.0 in /home/sharan/anaconda3/lib/python3.7/site-packages (from tensorflow>=2.1) (0.8.0)
Requirement already satisfied: tensorboard<2.2.0,>=2.1.0 in /home/sharan/anaconda3/lib/python3.7/site-packages (from tensorflow>=2.1) (2.1.0)
Requirement already satisfied: wrapt>=1.11.1 in /home/sharan/anaconda3/lib/python3.7/site-packages (from tensorflow>=2.1) (1.11.2)
Requirement already satisfied: grpcio>=1.8.6 in /home/sharan/anaconda3/lib/python3.7/site-packages (from tensorflow>=2.1) (1.27.2)
Requirement already satisfied: protobuf>=3.8.0 in /home/sharan/anaconda3/lib/python3.7/site-packages (from tensorflow>=2.1) (3.11.4)
Requirement already satisfied: six>=1.12.0 in /home/sharan/anaconda3/lib/python3.7/site-packages (from tensorflow>=2.1) (1.14.0)
Requirement already satisfied: opt-einsum>=2.3.2 in /home/sharan/anaconda3/lib/python3.7/site-packages (from tensorflow>=2.1) (3.1.0)
Requirement already satisfied: wheel>=0.26; python_version >= "3" in /home/sharan/anaconda3/lib/python3.7/site-packages (from tensorflow>=2.1) (0.34.2)
Requirement already satisfied: absl-py>=0.7.0 in /home/sharan/anaconda3/lib/python3.7/site-packages (from tensorflow>=2.1) (0.9.0)
Requirement already satisfied: keras-preprocessing>=1.1.0 in /home/sharan/anaconda3/lib/python3.7/site-packages (from tensorflow>=2.1) (1.1.0)
Requirement already satisfied: google-pasta>=0.1.6 in /home/sharan/anaconda3/lib/python3.7/site-packages (from tensorflow>=2.1) (0.2.0)
Requirement already satisfied: cloudpickle>=1.2.2 in /home/sharan/anaconda3/lib/python3.7/site-packages (from tensorflow-probability>=0.9) (1.3.0)
Requirement already satisfied: decorator in /home/sharan/anaconda3/lib/python3.7/site-packages (from tensorflow-probability>=0.9) (4.4.1)
Requirement already satisfied: h5py in /home/sharan/anaconda3/lib/python3.7/site-packages (from keras-applications>=1.0.8->tensorflow>=2.1) (2.10.0)
Requirement already satisfied: google-auth-oauthlib<0.5,>=0.4.1 in /home/sharan/anaconda3/lib/python3.7/site-packages (from tensorboard<2.2.0,>=2.1.0->tensorflow>=2.1) (0.4.1)
Requirement already satisfied: werkzeug>=0.11.15 in /home/sharan/anaconda3/lib/python3.7/site-packages (from tensorboard<2.2.0,>=2.1.0->tensorflow>=2.1) (1.0.0)
Requirement already satisfied: requests<3,>=2.21.0 in /home/sharan/anaconda3/lib/python3.7/site-packages (from tensorboard<2.2.0,>=2.1.0->tensorflow>=2.1) (2.22.0)
Requirement already satisfied: markdown>=2.6.8 in /home/sharan/anaconda3/lib/python3.7/site-packages (from tensorboard<2.2.0,>=2.1.0->tensorflow>=2.1) (3.1.1)
Requirement already satisfied: google-auth<2,>=1.6.3 in /home/sharan/anaconda3/lib/python3.7/site-packages (from tensorboard<2.2.0,>=2.1.0->tensorflow>=2.1) (1.14.1)
Requirement already satisfied: setuptools>=41.0.0 in /home/sharan/anaconda3/lib/python3.7/site-packages (from tensorboard<2.2.0,>=2.1.0->tensorflow>=2.1) (47.3.1)
Requirement already satisfied: requests-oauthlib>=0.7.0 in /home/sharan/anaconda3/lib/python3.7/site-packages (from google-auth-oauthlib<0.5,>=0.4.1->tensorboard<2.2.0,>=2.1.0->tensorflow>=2.1) (1.3.0)
Requirement already satisfied: idna<2.9,>=2.5 in /home/sharan/anaconda3/lib/python3.7/site-packages (from requests<3,>=2.21.0->tensorboard<2.2.0,>=2.1.0->tensorflow>=2.1) (2.8)
Requirement already satisfied: certifi>=2017.4.17 in /home/sharan/anaconda3/lib/python3.7/site-packages (from requests<3,>=2.21.0->tensorboard<2.2.0,>=2.1.0->tensorflow>=2.1) (2019.11.28)
Requirement already satisfied: chardet<3.1.0,>=3.0.2 in /home/sharan/anaconda3/lib/python3.7/site-packages (from requests<3,>=2.21.0->tensorboard<2.2.0,>=2.1.0->tensorflow>=2.1) (3.0.4)
Requirement already satisfied: urllib3!=1.25.0,!=1.25.1,<1.26,>=1.21.1 in /home/sharan/anaconda3/lib/python3.7/site-packages (from requests<3,>=2.21.0->tensorboard<2.2.0,>=2.1.0->tensorflow>=2.1) (1.25.8)
Requirement already satisfied: pyasn1-modules>=0.2.1 in /home/sharan/anaconda3/lib/python3.7/site-packages (from google-auth<2,>=1.6.3->tensorboard<2.2.0,>=2.1.0->tensorflow>=2.1) (0.2.7)
Requirement already satisfied: rsa<4.1,>=3.1.4 in /home/sharan/anaconda3/lib/python3.7/site-packages (from google-auth<2,>=1.6.3->tensorboard<2.2.0,>=2.1.0->tensorflow>=2.1) (4.0)
Requirement already satisfied: cachetools<5.0,>=2.0.0 in /home/sharan/anaconda3/lib/python3.7/site-packages (from google-auth<2,>=1.6.3->tensorboard<2.2.0,>=2.1.0->tensorflow>=2.1) (3.1.1)
Requirement already satisfied: oauthlib>=3.0.0 in /home/sharan/anaconda3/lib/python3.7/site-packages (from requests-oauthlib>=0.7.0->google-auth-oauthlib<0.5,>=0.4.1->tensorboard<2.2.0,>=2.1.0->tensorflow>=2.1) (3.1.0)
Requirement already satisfied: pyasn1<0.5.0,>=0.4.6 in /home/sharan/anaconda3/lib/python3.7/site-packages (from pyasn1-modules>=0.2.1->google-auth<2,>=1.6.3->tensorboard<2.2.0,>=2.1.0->tensorflow>=2.1) (0.4.8)
ERROR: tensorflow-probability 0.10.0 has requirement gast>=0.3.2, but you'll have gast 0.2.2 which is incompatible.
Installing collected packages: dataclasses, typing-extensions, tabulate, tensorflow-probability, gpflow
Successfully installed dataclasses-0.6 gpflow-2.0.5 tabulate-0.8.7 tensorflow-probability-0.10.0 typing-extensions-3.7.4.2
Running build.jl for the GPMLj package.
Installing required python packages using pip
